{"numTotalTestSuites":12,"numPassedTestSuites":10,"numFailedTestSuites":2,"numPendingTestSuites":0,"numTotalTests":16,"numPassedTests":15,"numFailedTests":1,"numPendingTests":0,"numTodoTests":0,"snapshot":{"added":0,"failure":false,"filesAdded":0,"filesRemoved":0,"filesRemovedList":[],"filesUnmatched":0,"filesUpdated":0,"matched":0,"total":0,"unchecked":0,"uncheckedKeysByFile":[],"unmatched":0,"updated":0,"didUpdate":false},"startTime":1785145045071,"success":false,"testResults":[{"assertionResults":[{"ancestorTitles":["useDashboardStats"],"fullName":"useDashboardStats returns loading state initially","status":"passed","title":"returns loading state initially","duration":369.6765999999998,"failureMessages":[],"meta":{},"tags":[]},{"ancestorTitles":["useDashboardStats"],"fullName":"useDashboardStats returns real data on success","status":"passed","title":"returns real data on success","duration":224.6313,"failureMessages":[],"meta":{},"tags":[]},{"ancestorTitles":["useDashboardStats"],"fullName":"useDashboardStats sets isError on API failure","status":"passed","title":"sets isError on API failure","duration":119.65849999999955,"failureMessages":[],"meta":{},"tags":[]}],"startTime":1785145049076,"endTime":1785145049790.6584,"status":"passed","message":"","name":"C:/Users/J.Karthikeya/OneDrive/Desktop/credit 3.0/frontend/src/tests/hooks/useDashboard.test.tsx"},{"assertionResults":[{"ancestorTitles":["usePredictSingle"],"fullName":"usePredictSingle starts in idle state","status":"passed","title":"starts in idle state","duration":382.34329999999954,"failureMessages":[],"meta":{},"tags":[]},{"ancestorTitles":["usePredictSingle"],"fullName":"usePredictSingle returns high-risk result for large crypto transaction","status":"passed","title":"returns high-risk result for large crypto transaction","duration":217.61219999999958,"failureMessages":[],"meta":{},"tags":[]},{"ancestorTitles":["usePredictSingle"],"fullName":"usePredictSingle returns low-risk result for small grocery transaction","status":"passed","title":"returns low-risk result for small grocery transaction","duration":145.09960000000046,"failureMessages":[],"meta":{},"tags":[]},{"ancestorTitles":["usePredictSingle"],"fullName":"usePredictSingle sets isError on network failure","status":"passed","title":"sets isError on network failure","duration":87.52590000000055,"failureMessages":[],"meta":{},"tags":[]}],"startTime":1785145049130,"endTime":1785145049963.526,"status":"passed","message":"","name":"C:/Users/J.Karthikeya/OneDrive/Desktop/credit 3.0/frontend/src/tests/hooks/usePredict.test.tsx"},{"assertionResults":[{"ancestorTitles":["useTransactions"],"fullName":"useTransactions starts in loading state","status":"passed","title":"starts in loading state","duration":388.6826999999994,"failureMessages":[],"meta":{},"tags":[]},{"ancestorTitles":["useTransactions"],"fullName":"useTransactions returns paginated transaction list on success","status":"passed","title":"returns paginated transaction list on success","duration":188.08339999999953,"failureMessages":[],"meta":{},"tags":[]},{"ancestorTitles":["useTransactions"],"fullName":"useTransactions high-risk transaction has risk_score > 0.5","status":"passed","title":"high-risk transaction has risk_score > 0.5","duration":187.46640000000025,"failureMessages":[],"meta":{},"tags":[]},{"ancestorTitles":["useTransactions"],"fullName":"useTransactions sets isError when API fails","status":"passed","title":"sets isError when API fails","duration":107.72460000000046,"failureMessages":[],"meta":{},"tags":[]}],"startTime":1785145049042,"endTime":1785145049936.7246,"status":"passed","message":"","name":"C:/Users/J.Karthikeya/OneDrive/Desktop/credit 3.0/frontend/src/tests/hooks/useTransactions.test.tsx"},{"assertionResults":[{"ancestorTitles":["RiskScoreCalculator Form Validation"],"fullName":"RiskScoreCalculator Form Validation displays validation errors for empty/invalid fields","status":"failed","title":"displays validation errors for empty/invalid fields","duration":2250.8655,"failureMessages":["Error: Unable to find an element with the text: /Enter a valid amount/i. This could be because the text is broken up by multiple elements. In this case, you can provide a function for your text matcher to make your matcher more flexible.\n\nIgnored nodes: comments, script, style\n\u001b[36m<body>\u001b[39m\n  \u001b[36m<div>\u001b[39m\n    \u001b[36m<div\u001b[39m\n      \u001b[33mclass\u001b[39m=\u001b[32m\"flex-1 flex flex-col lg:flex-row w-full gap-6 lg:items-stretch pt-2\"\u001b[39m\n    \u001b[36m>\u001b[39m\n      \u001b[36m<div\u001b[39m\n        \u001b[33mclass\u001b[39m=\u001b[32m\"lg:w-[400px] shrink-0\"\u001b[39m\n        \u001b[33mstyle\u001b[39m=\u001b[32m\"opacity: 0; filter: blur(10px); transform: translateY(30px);\"\u001b[39m\n      \u001b[36m>\u001b[39m\n        \u001b[36m<div\u001b[39m\n          \u001b[33mclass\u001b[39m=\u001b[32m\"bg-white rounded-3xl border border-slate-200 shadow-sm overflow-hidden\"\u001b[39m\n        \u001b[36m>\u001b[39m\n          \u001b[36m<div\u001b[39m\n            \u001b[33mclass\u001b[39m=\u001b[32m\"bg-[#0F766E] text-white p-6\"\u001b[39m\n          \u001b[36m>\u001b[39m\n            \u001b[36m<div\u001b[39m\n              \u001b[33mclass\u001b[39m=\u001b[32m\"flex items-center gap-2 mb-3\"\u001b[39m\n            \u001b[36m>\u001b[39m\n              \u001b[36m<svg\u001b[39m\n                \u001b[33mclass\u001b[39m=\u001b[32m\"lucide lucide-zap w-5 h-5\"\u001b[39m\n                \u001b[33mfill\u001b[39m=\u001b[32m\"none\"\u001b[39m\n                \u001b[33mheight\u001b[39m=\u001b[32m\"24\"\u001b[39m\n                \u001b[33mstroke\u001b[39m=\u001b[32m\"currentColor\"\u001b[39m\n                \u001b[33mstroke-linecap\u001b[39m=\u001b[32m\"round\"\u001b[39m\n                \u001b[33mstroke-linejoin\u001b[39m=\u001b[32m\"round\"\u001b[39m\n                \u001b[33mstroke-width\u001b[39m=\u001b[32m\"2\"\u001b[39m\n                \u001b[33mviewBox\u001b[39m=\u001b[32m\"0 0 24 24\"\u001b[39m\n                \u001b[33mwidth\u001b[39m=\u001b[32m\"24\"\u001b[39m\n                \u001b[33mxmlns\u001b[39m=\u001b[32m\"http://www.w3.org/2000/svg\"\u001b[39m\n              \u001b[36m>\u001b[39m\n                \u001b[36m<path\u001b[39m\n                  \u001b[33md\u001b[39m=\u001b[32m\"M4 14a1 1 0 0 1-.78-1.63l9.9-10.2a.5.5 0 0 1 .86.46l-1.92 6.02A1 1 0 0 0 13 10h7a1 1 0 0 1 .78 1.63l-9.9 10.2a.5.5 0 0 1-.86-.46l1.92-6.02A1 1 0 0 0 11 14z\"\u001b[39m\n                \u001b[36m/>\u001b[39m\n              \u001b[36m</svg>\u001b[39m\n              \u001b[36m<span\u001b[39m\n                \u001b[33mclass\u001b[39m=\u001b[32m\"text-xs font-bold uppercase tracking-widest text-white/80\"\u001b[39m\n              \u001b[36m>\u001b[39m\n                \u001b[0mLive AI Inference\u001b[0m\n              \u001b[36m</span>\u001b[39m\n            \u001b[36m</div>\u001b[39m\n            \u001b[36m<h1\u001b[39m\n              \u001b[33mclass\u001b[39m=\u001b[32m\"text-2xl font-bold leading-tight mb-1\"\u001b[39m\n            \u001b[36m>\u001b[39m\n              \u001b[0mRisk Score Calculator\u001b[0m\n            \u001b[36m</h1>\u001b[39m\n            \u001b[36m<p\u001b[39m\n              \u001b[33mclass\u001b[39m=\u001b[32m\"text-sm text-white/70\"\u001b[39m\n            \u001b[36m>\u001b[39m\n              \u001b[0mSubmit any transaction — see the ensemble's real probability + SHAP explanation in under 2 seconds.\u001b[0m\n            \u001b[36m</p>\u001b[39m\n          \u001b[36m</div>\u001b[39m\n          \u001b[36m<form\u001b[39m\n            \u001b[33mclass\u001b[39m=\u001b[32m\"p-6 space-y-5\"\u001b[39m\n          \u001b[36m>\u001b[39m\n            \u001b[36m<div\u001b[39m\n              \u001b[33mclass\u001b[39m=\u001b[32m\"space-y-1.5\"\u001b[39m\n            \u001b[36m>\u001b[39m\n              \u001b[36m<label\u001b[39m\n                \u001b[33mclass\u001b[39m=\u001b[32m\"text-sm font-semibold text-slate-700\"\u001b[39m\n                \u001b[33mfor\u001b[39m=\u001b[32m\"calc-amount\"\u001b[39m\n              \u001b[36m>\u001b[39m\n                \u001b[0mTransaction Amount ($)\u001b[0m\n              \u001b[36m</label>\u001b[39m\n              \u001b[36m<input\u001b[39m\n                \u001b[33mclass\u001b[39m=\u001b[32m\"w-full border border-slate-200 rounded-xl px-4 py-3 text-sm focus:outline-none focus:ring-2 focus:ring-emerald-500/20 focus:border-emerald-500 transition-colors placeholder:text-slate-400\"\u001b[39m\n                \u001b[33mid\u001b[39m=\u001b[32m\"calc-amount\"\u001b[39m\n                \u001b[33mname\u001b[39m=\u001b[32m\"Amount\"\u001b[39m\n                \u001b[33mplaceholder\u001b[39m=\u001b[32m\"299.99\"\u001b[39m\n                \u001b[33mstep\u001b[39m=\u001b[32m\"0.01\"\u001b[39m\n                \u001b[33mtype\u001b[39m=\u001b[32m\"number\"\u001b[39m\n              \u001b[36m/>\u001b[39m\n            \u001b[36m</div>\u001b[39m\n            \u001b[36m<div\u001b[39m\n              \u001b[33mclass\u001b[39m=\u001b[32m\"space-y-1.5\"\u001b[39m\n            \u001b[36m>\u001b[39m\n              \u001b[36m<label\u001b[39m\n                \u001b[33mclass\u001b[39m=\u001b[32m\"text-sm font-semibold text-slate-700\"\u001b[39m\n                \u001b[33mfor\u001b[39m=\u001b[32m\"calc-merchant\"\u001b[39m\n              \u001b[36m>\u001b[39m\n                \u001b[0mMerchant Name\u001b[0m\n              \u001b[36m</label>\u001b[39m\n              \u001b[36m<input\u001b[39m\n                \u001b[33mclass\u001b[39m=\u001b[32m\"w-full border border-slate-200 rounded-xl px-4 py-3 text-sm focus:outline-none focus:ring-2 focus:ring-emerald-500/20 focus:border-emerald-500 transition-colors placeholder:text-slate-400\"\u001b[39m\n                \u001b[33mid\u001b[39m=\u001b[32m\"calc-merchant\"\u001b[39m\n                \u001b[33mname\u001b[39m=\u001b[32m\"Merchant\"\u001b[39m\n                \u001b[33mplaceholder\u001b[39m=\u001b[32m\"Apple Store\"\u001b[39m\n                \u001b[33mtype\u001b[39m=\u001b[32m\"text\"\u001b[39m\n              \u001b[36m/>\u001b[39m\n            \u001b[36m</div>\u001b[39m\n            \u001b[36m<div\u001b[39m\n              \u001b[33mclass\u001b[39m=\u001b[32m\"space-y-1.5\"\u001b[39m\n            \u001b[36m>\u001b[39m\n              \u001b[36m<label\u001b[39m\n                \u001b[33mclass\u001b[39m=\u001b[32m\"text-sm font-semibold text-slate-700\"\u001b[39m\n                \u001b[33mfor\u001b[39m=\u001b[32m\"calc-category\"\u001b[39m\n              \u001b[36m>\u001b[39m\n                \u001b[0mCategory\u001b[0m\n              \u001b[36m</label>\u001b[39m\n              \u001b[36m<select\u001b[39m\n                \u001b[33mclass\u001b[39m=\u001b[32m\"w-full border border-slate-200 rounded-xl px-4 py-3 text-sm focus:outline-none focus:ring-2 focus:ring-emerald-500/20 focus:border-emerald-500 bg-white transition-colors\"\u001b[39m\n                \u001b[33mid\u001b[39m=\u001b[32m\"calc-category\"\u001b[39m\n                \u001b[33mname\u001b[39m=\u001b[32m\"Category\"\u001b[39m\n              \u001b[36m>\u001b[39m\n                \u001b[36m<option\u001b[39m\n                  \u001b[33mvalue\u001b[39m=\u001b[32m\"Grocery\"\u001b[39m\n                \u001b[36m>\u001b[39m\n                  \u001b[0mGrocery\u001b[0m\n                \u001b[36m</option>\u001b[39m\n                \u001b[36m<option\u001b[39m\n                  \u001b[33mvalue\u001b[39m=\u001b[32m\"General Retail\"\u001b[39m\n                \u001b[36m>\u001b[39m\n                  \u001b[0mGeneral Retail\u001b[0m\n                \u001b[36m</option>\u001b[39m\n                \u001b[36m<option\u001b[39m\n                  \u001b[33mvalue\u001b[39m=\u001b[32m\"Travel\"\u001b[39m\n                \u001b[36m>\u001b[39m\n                  \u001b[0mTravel\u001b[0m\n                \u001b[36m</option>\u001b[39m\n                \u001b[36m<option\u001b[39m\n                  \u001b[33mvalue\u001b[39m=\u001b[32m\"Electronics\"\u001b[39m\n                \u001b[36m>\u001b[39m\n                  \u001b[0mElectronics\u001b[0m\n                \u001b[36m</option>\u001b[39m\n                \u001b[36m<option\u001b[39m\n                  \u001b[33mvalue\u001b[39m=\u001b[32m\"Dining\"\u001b[39m\n                \u001b[36m>\u001b[39m\n                  \u001b[0mDining\u001b[0m\n                \u001b[36m</option>\u001b[39m\n                \u001b[36m<option\u001b[39m\n                  \u001b[33mvalue\u001b[39m=\u001b[32m\"Crypto Exchange\"\u001b[39m\n                \u001b[36m>\u001b[39m\n                  \u001b[0mCrypto Exchange\u001b[0m\n                \u001b[36m</option>\u001b[39m\n                \u001b[36m<option\u001b[39m\n                  \u001b[33mvalue\u001b[39m=\u001b[32m\"Money Transfer\"\u001b[39m\n                \u001b[36m>\u001b[39m\n                  \u001b[0mMoney Transfer\u001b[0m\n                \u001b[36m</option>\u001b[39m\n                \u001b[36m<option\u001b[39m\n                  \u001b[33mvalue\u001b[39m=\u001b[32m\"Gambling\"\u001b[39m\n                \u001b[36m>\u001b[39m\n                  \u001b[0mGambling\u001b[0m\n                \u001b[36m</option>\u001b[39m\n                \u001b[36m<option\u001b[39m\n                  \u001b[33mvalue\u001b[39m=\u001b[32m\"Healthcare\"\u001b[39m\n                \u001b[36m>\u001b[39m\n                  \u001b[0mHealthcare\u001b[0m\n                \u001b[36m</option>\u001b[39m\n                \u001b[36m<option\u001b[39m\n                  \u001b[33mvalue\u001b[39m=\u001b[32m\"Utilities\"\u001b[39m\n                \u001b[36m>\u001b[39m\n                  \u001b[0mUtilities\u001b[0m\n                \u001b[36m</option>\u001b[39m\n              \u001b[36m</select>\u001b[39m\n            \u001b[36m</div>\u001b[39m\n            \u001b[36m<div\u001b[39m\n              \u001b[33mclass\u001b[39m=\u001b[32m\"grid grid-cols-2 gap-4\"\u001b[39m\n            \u001b[36m>\u001b[39m\n              \u001b[36m<div\u001b[39m\n                \u001b[33mclass\u001b[39m=\u001b[32m\"space-y-1.5\"\u001b[39m\n              \u001b[36m>\u001b[39m\n                \u001b[36m<label\u001b[39m\n                  \u001b[33mclass\u001b[39m=\u001b[32m\"text-sm font-semibold text-slate-700\"\u001b[39m\n                  \u001b[33mfor\u001b[39m=\u001b[32m\"calc-country\"\u001b[39m\n                \u001b[36m>\u001b[39m\n                  \u001b[0mCountry\u001b[0m\n                \u001b[36m</label>\u001b[39m\n                \u001b[36m<select\u001b[39m\n                  \u001b[33mclass\u001b[39m=\u001b[32m\"w-full border border-slate-200 rounded-xl px-4 py-3 text-sm focus:outline-none focus:ring-2 focus:ring-emerald-500/20 focus:border-emerald-500 bg-white\"\u001b[39m\n                  \u001b[33mid\u001b[39m=\u001b[32m\"calc-country\"\u001b[39m\n                  \u001b[33mname\u001b[39m=\u001b[32m\"Country\"\u001b[39m\n                \u001b[36m>\u001b[39m\n                  \u001b[36m<option\u001b[39m\n                    \u001b[33mvalue\u001b[39m=\u001b[32m\"United States\"\u001b[39m\n                  \u001b[36m>\u001b[39m\n                    \u001b[0mUnited States\u001b[0m\n                  \u001b[36m</option>\u001b[39m\n                  \u001b[36m<option\u001b[39m\n                    \u001b[33mvalue\u001b[39m=\u001b[32m\"United Kingdom\"\u001b[39m\n                  \u001b[36m>\u001b[39m\n                    \u001b[0mUnited Kingdom\u001b[0m\n                  \u001b[36m</option>\u001b[39m\n                  \u001b[36m<option\u001b[39m\n                    \u001b[33mvalue\u001b[39m=\u001b[32m\"Germany\"\u001b[39m\n                  \u001b[36m>\u001b[39m\n                    \u001b[0mGermany\u001b[0m\n                  \u001b[36m</option>\u001b[39m\n                  \u001b[36m<option\u001b[39m\n                    \u001b[33mvalue\u001b[39m=\u001b[32m\"Russia\"\u001b[39m\n                  \u001b[36m>\u001b[39m\n                    \u001b[0mRussia\u001b[0m\n                  \u001b[36m</option>\u001b[39m\n                  \u001b[36m<option\u001b[39m\n                    \u001b[33mvalue\u001b[39m=\u001b[32m\"Nigeria\"\u001b[39m\n                  \u001b[36m>\u001b[39m\n                    \u001b[0mNigeria\u001b[0m\n                  \u001b[36m</option>\u001b[39m\n                  \u001b[36m<option\u001b[39m\n                    \u001b[33mvalue\u001b[39m=\u001b[32m\"Singapore\"\u001b[39m\n                  \u001b[36m>\u001b[39m\n                    \u001b[0mSingapore\u001b[0m\n                  \u001b[36m</option>\u001b[39m\n                  \u001b[36m<option\u001b[39m\n                    \u001b[33mvalue\u001b[39m=\u001b[32m\"Brazil\"\u001b[39m\n                  \u001b[36m>\u001b[39m\n                    \u001b[0mBrazil\u001b[0m\n                  \u001b[36m</option>\u001b[39m\n                  \u001b[36m<option\u001b[39m\n                    \u001b[33mvalue\u001b[39m=\u001b[32m\"India\"\u001b[39m\n                  \u001b[36m>\u001b[39m\n                    \u001b[0mIndia\u001b[0m\n                  \u001b[36m</option>\u001b[39m\n                  \u001b[36m<option\u001b[39m\n                    \u001b[33mvalue\u001b[39m=\u001b[32m\"China\"\u001b[39m\n                  \u001b[36m>\u001b[39m\n                    \u001b[0mChina\u001b[0m\n                  \u001b[36m</option>\u001b[39m\n                  \u001b[36m<option\u001b[39m\n                    \u001b[33mvalue\u001b[39m=\u001b[32m\"Australia\"\u001b[39m\n                  \u001b[36m>\u001b[39m\n                    \u001b[0mAustralia\u001b[0m\n                  \u001b[36m</option>\u001b[39m\n                \u001b[36m</select>\u001b[39m\n              \u001b[36m</div>\u001b[39m\n              \u001b[36m<div\u001b[39m\n                \u001b[33mclass\u001b[39m=\u001b[32m\"space-y-1.5\"\u001b[39m\n              \u001b[36m>\u001b[39m\n                \u001b[36m<label\u001b[39m\n                  \u001b[33mclass\u001b[39m=\u001b[32m\"text-sm font-semibold text-slate-700\"\u001b[39m\n                  \u001b[33mfor\u001b[39m=\u001b[32m\"calc-device\"\u001b[39m\n                \u001b[36m>\u001b[39m\n                  \u001b[0mDevice\u001b[0m\n                \u001b[36m</label>\u001b[39m\n                \u001b[36m<select\u001b[39m\n                  \u001b[33mclass\u001b[39m=\u001b[32m\"w-full border border-slate-200 rounded-xl px-4 py-3 text-sm focus:outline-none focus:ring-2 focus:ring-emerald-500/20 focus:border-emerald-500 bg-white\"\u001b[39m\n                  \u001b[33mid\u001b[39m=\u001b[32m\"calc-device\"\u001b[39m\n                  \u001b[33mname\u001b[39m=\u001b[32m\"DeviceType\"\u001b[39m\n                \u001b[36m>\u001b[39m\n                  \u001b[36m<option\u001b[39m\n                    \u001b[33mvalue\u001b[39m=\u001b[32m\"Mobile (iOS)\"\u001b[39m\n                  \u001b[36m>\u001b[39m\n                    \u001b[0mMobile (iOS)\u001b[0m\n                  \u001b[36m</option>\u001b[39m\n                  \u001b[36m<option\u001b[39m\n                    \u001b[33mvalue\u001b[39m=\u001b[32m\"Mobile (Android)\"\u001b[39m\n                  \u001b[36m>\u001b[39m\n                    \u001b[0mMobile (Android)\u001b[0m\n                  \u001b[36m</option>\u001b[39m\n                  \u001b[36m<option\u001b[39m\n                    \u001b[33mvalue\u001b[39m=\u001b[32m\"Mobile (Unknown Number)\"\u001b[39m\n                  \u001b[36m>\u001b[39m\n                    \u001b[0mMobile (Unknown Number)\u001b[0m\n                  \u001b[36m</option>\u001b[39m\n                \u001b[36m</select>\u001b[39m\n              \u001b[36m</div>\u001b[39m\n            \u001b[36m</div>\u001b[39m\n            \u001b[36m<div\u001b[39m\n              \u001b[33mclass\u001b[39m=\u001b[32m\"space-y-2\"\u001b[39m\n            \u001b[36m>\u001b[39m\n              \u001b[36m<label\u001b[39m\n                \u001b[33mclass\u001b[39m=\u001b[32m\"text-sm font-semibold text-slate-700\"\u001b[39m\n              \u001b[36m>\u001b[39m\n                \u001b[0mTime of Day\u001b[0m\n              \u001b[36m</label>\u001b[39m\n              \u001b[36m<div\u001b[39m\n                \u001b[33mclass\u001b[39m=\u001b[32m\"grid grid-cols-2 gap-2\"\u001b[39m\n              \u001b[36m>\u001b[39m\n                \u001b[36m<label\u001b[39m\n                  \u001b[33mclass\u001b[39m=\u001b[32m\"flex items-center gap-2 cursor-pointer p-2.5 rounded-lg border text-xs font-medium transition-all border-slate-200 text-slate-500 hover:border-slate-300\"\u001b[39m\n                \u001b[36m>\u001b[39m\n                  \u001b[36m<input\u001b[39m\n                    \u001b[33mclass\u001b[39m=\u001b[32m\"sr-only\"\u001b[39m\n                    \u001b[33mname\u001b[39m=\u001b[32m\"TimeOfDay\"\u001b[39m\n                    \u001b[33mtype\u001b[39m=\u001b[32m\"radio\"\u001b[39m\n                    \u001b[33mvalue\u001b[39m=\u001b[32m\"morning\"\u001b[39m\n                  \u001b[36m/>\u001b[39m\n                  \u001b[0mMorning\u001b[0m\n                  \u001b[36m<span\u001b[39m\n                    \u001b[33mclass\u001b[39m=\u001b[32m\"text-slate-400\"\u001b[39m\n                  \u001b[36m>\u001b[39m\n                    \u001b[0m(06:00–12:00)\u001b[0m\n                  \u001b[36m</span>\u001b[39m\n                \u001b[36m</label>\u001b[39m\n                \u001b[36m<label\u001b[39m\n                  \u001b[33mclass\u001b[39m=\u001b[32m\"flex items-center gap-2 cursor-pointer p-2.5 rounded-lg border text-xs font-medium transition-all border-emerald-500 bg-emerald-50 text-emerald-700\"\u001b[39m\n                \u001b[36m>\u001b[39m\n                  \u001b[36m<input\u001b[39m\n                    \u001b[33mclass\u001b[39m=\u001b[32m\"sr-only\"\u001b[39m\n                    \u001b[33mname\u001b[39m=\u001b[32m\"TimeOfDay\"\u001b[39m\n                    \u001b[33mtype\u001b[39m=\u001b[32m\"radio\"\u001b[39m\n                    \u001b[33mvalue\u001b[39m=\u001b[32m\"afternoon\"\u001b[39m\n                  \u001b[36m/>\u001b[39m\n                  \u001b[0mAfternoon\u001b[0m\n                  \u001b[36m<span\u001b[39m\n                    \u001b[33mclass\u001b[39m=\u001b[32m\"text-slate-400\"\u001b[39m\n                  \u001b[36m>\u001b[39m\n                    \u001b[0m(12:00–18:00)\u001b[0m\n                  \u001b[36m</span>\u001b[39m\n                \u001b[36m</label>\u001b[39m\n                \u001b[36m<label\u001b[39m\n                  \u001b[33mclass\u001b[39m=\u001b[32m\"flex items-center gap-2 cursor-pointer p-2.5 rounded-lg border text-xs font-medium transition-all border-slate-200 text-slate-500 hover:border-slate-300\"\u001b[39m\n                \u001b[36m>\u001b[39m\n                  \u001b[36m<input\u001b[39m\n                    \u001b[33mclass\u001b[39m=\u001b[32m\"sr-only\"\u001b[39m\n                    \u001b[33mname\u001b[39m=\u001b[32m\"TimeOfDay\"\u001b[39m\n                    \u001b[33mtype\u001b[39m=\u001b[32m\"radio\"\u001b[39m\n                    \u001b[33mvalue\u001b[39m=\u001b[32m\"evening\"\u001b[39m\n                  \u001b[36m/>\u001b[39m\n                  \u001b[0mEvening\u001b[0m\n                  \u001b[36m<span\u001b[39m\n                    \u001b[33mclass\u001b[39m=\u001b[32m\"text-slate-400\"\u001b[39m\n                  \u001b[36m>\u001b[39m\n                    \u001b[0m(18:00–22:00)\u001b[0m\n                  \u001b[36m</span>\u001b[39m\n                \u001b[36m</label>\u001b[39m\n                \u001b[36m<label\u001b[39m\n                  \u001b[33mclass\u001b[39m=\u001b[32m\"flex items-center gap-2 cursor-pointer p-2.5 rounded-lg border text-xs font-medium transition-all border-slate-200 text-slate-500 hover:border-slate-300\"\u001b[39m\n                \u001b[36m>\u001b[39m\n                  \u001b[36m<input\u001b[39m\n                    \u001b[33mclass\u001b[39m=\u001b[32m\"sr-only\"\u001b[39m\n                    \u001b[33mname\u001b[39m=\u001b[32m\"TimeOfDay\"\u001b[39m\n                    \u001b[33mtype\u001b[39m=\u001b[32m\"radio\"\u001b[39m\n                    \u001b[33mvalue\u001b[39m=\u001b[32m\"night\"\u001b[39m\n                  \u001b[36m/>\u001b[39m\n                  \u001b[0mLate\u001b[0m\n                  \u001b[36m<span\u001b[39m\n                    \u001b[33mclass\u001b[39m=\u001b[32m\"text-slate-400\"\u001b[39m\n                  \u001b[36m>\u001b[39m\n                    \u001b[0m(22:00–06:00)\u001b[0m\n                  \u001b[36m</span>\u001b[39m\n                \u001b[36m</label>\u001b[39m\n              \u001b[36m</div>\u001b[39m\n            \u001b[36m</div>\u001b[39m\n            \u001b[36m<button\u001b[39m\n              \u001b[33mclass\u001b[39m=\u001b[32m\"whitespace-nowrap focus-visible:outline-none focus-visible:ring-2 focus-visible:ring-ring focus-visible:ring-offset-2 disabled:pointer-events-none disabled:opacity-50 cursor-pointer relative overflow-hidden hover:shadow-[0_0_15px_rgba(20,184,166,0.4)] hover:-translate-y-[2px] active:translate-y-[0px] active:shadow-sm duration-400 ease-[cubic-bezier(0.22,1,0.36,1)] px-8 py-3 w-full h-12 text-base font-bold rounded-xl bg-[#0F766E] hover:bg-[#0F766E]/90 text-white shadow-sm flex items-center justify-center gap-2 transition-all\"\u001b[39m\n              \u001b[33mtabindex\u001b[39m=\u001b[32m\"0\"\u001b[39m\n              \u001b[33mtype\u001b[39m=\u001b[32m\"submit\"\u001b[39m\n            \u001b[36m>\u001b[39m\n              \u001b[36m<svg\u001b[39m\n                \u001b[33mclass\u001b[39m=\u001b[32m\"lucide lucide-play w-4 h-4\"\u001b[39m\n                \u001b[33mfill\u001b[39m=\u001b[32m\"none\"\u001b[39m\n                \u001b[33mheight\u001b[39m=\u001b[32m\"24\"\u001b[39m\n                \u001b[33mstroke\u001b[39m=\u001b[32m\"currentColor\"\u001b[39m\n                \u001b[33mstroke-linecap\u001b[39m=\u001b[32m\"round\"\u001b[39m\n                \u001b[33mstroke-linejoin\u001b[39m=\u001b[32m\"round\"\u001b[39m\n                \u001b[33mstroke-width\u001b[39m=\u001b[32m\"2\"\u001b[39m\n                \u001b[33mviewBox\u001b[39m=\u001b[32m\"0 0 24 24\"\u001b[39m\n                \u001b[33mwidth\u001b[39m=\u001b[32m\"24\"\u001b[39m\n                \u001b[33mxmlns\u001b[39m=\u001b[32m\"http://www.w3.org/2000/svg\"\u001b[39m\n              \u001b[36m>\u001b[39m\n                \u001b[36m<polygon\u001b[39m\n                  \u001b[33mpoints\u001b[39m=\u001b[32m\"6 3 20 12 6 21 6 3\"\u001b[39m\n                \u001b[36m/>\u001b[39m\n              \u001b[36m</svg>\u001b[39m\n              \u001b[0m Run Fraud Detection\u001b[0m\n            \u001b[36m</button>\u001b[39m\n          \u001b[36m</form>\u001b[39m\n        \u001b[36m</div>\u001b[39m\n      \u001b[36m</div>\u001b[39m\n      \u001b[36m<div\u001b[39m\n        \u001b[33mclass\u001b[39m=\u001b[32m\"flex-1 min-w-0 flex flex-col\"\u001b[39m\n      \u001b[36m>\u001b[39m\n        \u001b[36m<div\u001b[39m\n          \u001b[33mclass\u001b[39m=\u001b[32m\"flex-1 min-h-[550px] flex flex-col items-center justify-center gap-6 p-12 text-center\"\u001b[39m\n          \u001b[33mstyle\u001b[39m=\u001b[32m\"opacity: 1;\"\u001b[39m\n        \u001b[36m>\u001b[39m\n          \u001b[36m<div\u001b[39m\n            \u001b[33mclass\u001b[39m=\u001b[32m\"w-20 h-20 rounded-full bg-slate-100 flex items-center justify-center\"\u001b[39m\n          \u001b[36m>\u001b[39m\n            \u001b[36m<svg\u001b[39m\n              \u001b[33mclass\u001b[39m=\u001b[32m\"lucide lucide-play w-8 h-8 text-slate-300\"\u001b[39m\n              \u001b[33mfill\u001b[39m=\u001b[32m\"none\"\u001b[39m\n              \u001b[33mheight\u001b[39m=\u001b[32m\"24\"\u001b[39m\n              \u001b[33mstroke\u001b[39m=\u001b[32m\"currentColor\"\u001b[39m\n              \u001b[33mstroke-linecap\u001b[39m=\u001b[32m\"round\"\u001b[39m\n              \u001b[33mstroke-linejoin\u001b[39m=\u001b[32m\"round\"\u001b[39m\n              \u001b[33mstroke-width\u001b[39m=\u001b[32m\"2\"\u001b[39m\n              \u001b[33mviewBox\u001b[39m=\u001b[32m\"0 0 24 24\"\u001b[39m\n              \u001b[33mwidth\u001b[39m=\u001b[32m\"24\"\u001b[39m\n              \u001b[33mxmlns\u001b[39m=\u001b[32m\"http://www.w3.org/2000/svg\"\u001b[39m\n            \u001b[36m>\u001b[39m\n              \u001b[36m<polygon\u001b[39m\n                \u001b[33mpoints\u001b[39m=\u001b[32m\"6 3 20 12 6 21 6 3\"\u001b[39m\n              \u001b[36m/>\u001b[39m\n            \u001b[36m</svg>\u001b[39m\n          \u001b[36m</div>\u001b[39m\n          \u001b[36m<div>\u001b[39m\n            \u001b[36m<h2\u001b[39m\n              \u001b[33mclass\u001b[39m=\u001b[32m\"text-xl font-bold text-slate-800 mb-2\"\u001b[39m\n            \u001b[36m>\u001b[39m\n              \u001b[0mReady when you are\u001b[0m\n            \u001b[36m</h2>\u001b[39m\n            \u001b[36m<p\u001b[39m\n              \u001b[33mclass\u001b[39m=\u001b[32m\"text-slate-500 text-sm max-w-xs\"\u001b[39m\n            \u001b[36m>\u001b[39m\n              \u001b[0mFill out the form and click \"Run Fraud Detection\"\u001b[0m\n            \u001b[36m</p>\u001b[39m\n          \u001b[36m</div>\u001b[39m\n        \u001b[36m</div>\u001b[39m\n      \u001b[36m</div>\u001b[39m\n    \u001b[36m</div>\u001b[39m\n  \u001b[36m</div>\u001b[39m\n\u001b[36m</body>\u001b[39m\n    at waitForWrapper (C:\\Users\\J.Karthikeya\\OneDrive\\Desktop\\credit 3.0\\frontend\\node_modules\\@testing-library\\dom\\dist\\wait-for.js:163:27)\n    at C:\\Users\\J.Karthikeya\\OneDrive\\Desktop\\credit 3.0\\frontend\\node_modules\\@testing-library\\dom\\dist\\query-helpers.js:86:33\n    at C:/Users/J.Karthikeya/OneDrive/Desktop/credit 3.0/frontend/src/pages/__tests__/RiskScoreCalculator.test.tsx:40:25\n    at file:///C:/Users/J.Karthikeya/OneDrive/Desktop/credit%203.0/frontend/node_modules/@vitest/runner/dist/chunk-artifact.js:302:11\n    at file:///C:/Users/J.Karthikeya/OneDrive/Desktop/credit%203.0/frontend/node_modules/@vitest/runner/dist/chunk-artifact.js:1903:26\n    at file:///C:/Users/J.Karthikeya/OneDrive/Desktop/credit%203.0/frontend/node_modules/@vitest/runner/dist/chunk-artifact.js:2326:20\n    at new Promise (<anonymous>)\n    at runWithCancel (file:///C:/Users/J.Karthikeya/OneDrive/Desktop/credit%203.0/frontend/node_modules/@vitest/runner/dist/chunk-artifact.js:2323:10)\n    at file:///C:/Users/J.Karthikeya/OneDrive/Desktop/credit%203.0/frontend/node_modules/@vitest/runner/dist/chunk-artifact.js:2305:20\n    at new Promise (<anonymous>)"],"meta":{},"tags":[]},{"ancestorTitles":["RiskScoreCalculator Form Validation"],"fullName":"RiskScoreCalculator Form Validation allows valid submission","status":"passed","title":"allows valid submission","duration":309.1923999999999,"failureMessages":[],"meta":{},"tags":[]}],"startTime":1785145054624,"endTime":1785145057184.1924,"status":"failed","message":"","name":"C:/Users/J.Karthikeya/OneDrive/Desktop/credit 3.0/frontend/src/pages/__tests__/RiskScoreCalculator.test.tsx"},{"assertionResults":[{"ancestorTitles":["ProtectedRoute"],"fullName":"ProtectedRoute redirects to /login when not authenticated","status":"passed","title":"redirects to /login when not authenticated","duration":577.8582000000001,"failureMessages":[],"meta":{},"tags":[]},{"ancestorTitles":["ProtectedRoute"],"fullName":"ProtectedRoute renders Outlet when authenticated","status":"passed","title":"renders Outlet when authenticated","duration":149.4377999999997,"failureMessages":[],"meta":{},"tags":[]}],"startTime":1785145048735,"endTime":1785145049462.4377,"status":"passed","message":"","name":"C:/Users/J.Karthikeya/OneDrive/Desktop/credit 3.0/frontend/src/components/auth/__tests__/ProtectedRoute.test.tsx"},{"assertionResults":[{"ancestorTitles":["usePredict hook"],"fullName":"usePredict hook should successfully post prediction data and return response","status":"passed","title":"should successfully post prediction data and return response","duration":582.1020000000003,"failureMessages":[],"meta":{},"tags":[]}],"startTime":1785145049110,"endTime":1785145049692.102,"status":"passed","message":"","name":"C:/Users/J.Karthikeya/OneDrive/Desktop/credit 3.0/frontend/src/core/api/hooks/__tests__/usePredict.test.tsx"}]}